cmds_fit_mutau.txt
configs
convert-cards_mm-to-md.sh
create_datacards.py
fit_DisTauSF.py
fit_limits.py
get_nevents_from_cutflows.py
get-xsecs_hepi-fast.sh
init_combine_v10.sh
init_combine_v9.sh
__init__.py
nohup.out
plot_deltaNLL_DisTauSF.py
plot_DisTauSFs.py
plot_limits.py
plot_prefit-postfit_DisTauSF.py
prepare_cards.py
prepare_input_hists_old1.py
print_yields_fake-pred.sh
results
run_impacts_DisTauSF.sh
run_impacts_limits.sh
run_limits.sh
run_plot_deltaNLL_DisTauSF.sh
run_plot_DisTauSF.sh
run_plot_limits.sh
run_plot_prefit-postfit_DisTauSF.sh
run_postfit_DisTauSF.sh
run_postfit_limits.sh
run_prepare_cards_DisTauSF_dxy.py
run_prepare_cards_DisTauSF_mass.py
run_prepare_cards_limits.sh
run_yaml_to_table.sh
sig-list_to_yaml.py
test
tmp
utils
yaml_to_table.py
cmds_fit_mutau.txt
configs
convert-cards_mm-to-md.sh
create_datacards.py
fit_DisTauSF.py
fit_limits.py
get_nevents_from_cutflows.py
get-xsecs_hepi-fast.sh
init_combine_v10.sh
init_combine_v9.sh
__init__.py
nohup.out
plot_deltaNLL_DisTauSF.py
plot_DisTauSFs.py
plot_limits.py
plot_prefit-postfit_DisTauSF.py
prepare_cards.py
prepare_input_hists_old1.py
print_yields_fake-pred.sh
results
run_impacts_DisTauSF.sh
run_impacts_limits.sh
run_limits.sh
run_plot_deltaNLL_DisTauSF.sh
run_plot_DisTauSF.sh
run_plot_limits.sh
run_plot_prefit-postfit_DisTauSF.sh
run_postfit_DisTauSF.sh
run_postfit_limits.sh
run_prepare_cards_DisTauSF_dxy.py
run_prepare_cards_DisTauSF_mass.py
run_prepare_cards_limits.sh
run_yaml_to_table.sh
sig-list_to_yaml.py
test
tmp
utils
yaml_to_table.py
